<?xml version="1.0" encoding="UTF-8"?>
<testsuite name="RealTime  Saop Project.CustomerRepositoryTestSuite" tests="4" failures="2" errors="0" time="3.997"><properties>
[...]
</properties><testcase name="DeleteCustomerById" time="0.709"><failure type="Cancelling due to failed test step" message="Cancelling due to failed test step"><![CDATA[<h3><b>DeleteById Failed</b></h3><pre>[Not SOAP Fault] Response is a SOAP Fault
</pre><hr/>]]></failure></testcase><testcase name="GetCustomerById" time="0.818"/><testcase name="CustomerRepoGetList" time="1.194"/><testcase name="CreateCustomer" time="1.276"><failure type="Cancelling due to failed test step" message="Cancelling due to failed test step"><![CDATA[<h3><b>CreateCustomer Failed</b></h3><pre>[Not SOAP Fault] Response is a SOAP Fault
</pre><hr/>]]></failure></testcase></testsuite>